Flow report for DDS_INIT
Mon Apr 20 11:15:54 2020
Quartus Prime Version 19.1.0 Build 670 09/22/2019 SJ Lite Edition


---------------------
; Table of Contents ;
---------------------
  1. Legal Notice
  2. Flow Summary
  3. Flow Settings
  4. Flow Non-Default Global Settings
  5. Flow Elapsed Time
  6. Flow OS Summary
  7. Flow Log
  8. Flow Messages
  9. Flow Suppressed Messages



----------------
; Legal Notice ;
----------------
Copyright (C) 2019  Intel Corporation. All rights reserved.
Your use of Intel Corporation's design tools, logic functions 
and other software and tools, and any partner logic 
functions, and any output files from any of the foregoing 
(including device programming or simulation files), and any 
associated documentation or information are expressly subject 
to the terms and conditions of the Intel Program License 
Subscription Agreement, the Intel Quartus Prime License Agreement,
the Intel FPGA IP License Agreement, or other applicable license
agreement, including, without limitation, that your use is for
the sole purpose of programming logic devices manufactured by
Intel and sold by Intel or its authorized distributors.  Please
refer to the applicable agreement for further details, at
https://fpgasoftware.intel.com/eula.



+---------------------------------------------------------------------+
; Flow Summary                                                        ;
+-----------------------+---------------------------------------------+
; Flow Status           ; Successful - Mon Apr 20 11:15:54 2020       ;
; Quartus Prime Version ; 19.1.0 Build 670 09/22/2019 SJ Lite Edition ;
; Revision Name         ; DDS_INIT                                    ;
; Top-level Entity Name ; DDS_INIT                                    ;
; Family                ; MAX V                                       ;
; Device                ; 5M80ZT100C5                                 ;
; Timing Models         ; Final                                       ;
; Total logic elements  ; 32 / 80 ( 40 % )                            ;
; Total pins            ; 8 / 79 ( 10 % )                             ;
; Total virtual pins    ; 0                                           ;
; UFM blocks            ; 0 / 1 ( 0 % )                               ;
+-----------------------+---------------------------------------------+


+-----------------------------------------+
; Flow Settings                           ;
+-------------------+---------------------+
; Option            ; Setting             ;
+-------------------+---------------------+
; Start date & time ; 04/20/2020 11:15:17 ;
; Main task         ; Compilation         ;
; Revision Name     ; DDS_INIT            ;
+-------------------+---------------------+


+------------------------------------------------------------------------------------------------------------------------------------+
; Flow Non-Default Global Settings                                                                                                   ;
+---------------------------------+--------------------------------+---------------+-------------+-----------------------------------+
; Assignment Name                 ; Value                          ; Default Value ; Entity Name ; Section Id                        ;
+---------------------------------+--------------------------------+---------------+-------------+-----------------------------------+
; COMPILER_SIGNATURE_ID           ; 88491845522606.158734891702320 ; --            ; --          ; --                                ;
; EDA_GENERATE_FUNCTIONAL_NETLIST ; Off                            ; --            ; --          ; eda_board_design_timing           ;
; EDA_GENERATE_FUNCTIONAL_NETLIST ; Off                            ; --            ; --          ; eda_timing_analysis               ;
; EDA_GENERATE_FUNCTIONAL_NETLIST ; Off                            ; --            ; --          ; eda_board_design_boundary_scan    ;
; EDA_GENERATE_FUNCTIONAL_NETLIST ; Off                            ; --            ; --          ; eda_board_design_signal_integrity ;
; EDA_GENERATE_FUNCTIONAL_NETLIST ; Off                            ; --            ; --          ; eda_formal_verification           ;
; EDA_GENERATE_FUNCTIONAL_NETLIST ; Off                            ; --            ; --          ; eda_board_design_symbol           ;
; EDA_OUTPUT_DATA_FORMAT          ; Verilog Hdl                    ; --            ; --          ; eda_simulation                    ;
; EDA_SIMULATION_TOOL             ; ModelSim-Altera (Verilog)      ; <None>        ; --          ; --                                ;
; EDA_TIME_SCALE                  ; 1 ns                           ; --            ; --          ; eda_simulation                    ;
; MAX_CORE_JUNCTION_TEMP          ; 85                             ; --            ; --          ; --                                ;
; MIN_CORE_JUNCTION_TEMP          ; 0                              ; --            ; --          ; --                                ;
; PROJECT_OUTPUT_DIRECTORY        ; output_files                   ; --            ; --          ; --                                ;
+---------------------------------+--------------------------------+---------------+-------------+-----------------------------------+


+--------------------------------------------------------------------------------------------------------------------------+
; Flow Elapsed Time                                                                                                        ;
+----------------------+--------------+-------------------------+---------------------+------------------------------------+
; Module Name          ; Elapsed Time ; Average Processors Used ; Peak Virtual Memory ; Total CPU Time (on all processors) ;
+----------------------+--------------+-------------------------+---------------------+------------------------------------+
; Analysis & Synthesis ; 00:00:19     ; 1.0                     ; 4771 MB             ; 00:00:39                           ;
; Fitter               ; 00:00:05     ; 1.0                     ; 5088 MB             ; 00:00:04                           ;
; Assembler            ; 00:00:02     ; 1.0                     ; 4666 MB             ; 00:00:01                           ;
; Timing Analyzer      ; 00:00:03     ; 1.0                     ; 4668 MB             ; 00:00:03                           ;
; EDA Netlist Writer   ; 00:00:02     ; 1.0                     ; 4625 MB             ; 00:00:02                           ;
; Total                ; 00:00:31     ; --                      ; --                  ; 00:00:49                           ;
+----------------------+--------------+-------------------------+---------------------+------------------------------------+


+------------------------------------------------------------------------------------+
; Flow OS Summary                                                                    ;
+----------------------+------------------+------------+------------+----------------+
; Module Name          ; Machine Hostname ; OS Name    ; OS Version ; Processor type ;
+----------------------+------------------+------------+------------+----------------+
; Analysis & Synthesis ; X250-Eagle       ; Windows 10 ; 10.0       ; x86_64         ;
; Fitter               ; X250-Eagle       ; Windows 10 ; 10.0       ; x86_64         ;
; Assembler            ; X250-Eagle       ; Windows 10 ; 10.0       ; x86_64         ;
; Timing Analyzer      ; X250-Eagle       ; Windows 10 ; 10.0       ; x86_64         ;
; EDA Netlist Writer   ; X250-Eagle       ; Windows 10 ; 10.0       ; x86_64         ;
+----------------------+------------------+------------+------------+----------------+


------------
; Flow Log ;
------------
quartus_map --read_settings_files=on --write_settings_files=off DDS_init -c DDS_INIT
quartus_fit --read_settings_files=off --write_settings_files=off DDS_init -c DDS_INIT
quartus_asm --read_settings_files=off --write_settings_files=off DDS_init -c DDS_INIT
quartus_sta DDS_init -c DDS_INIT
quartus_eda --read_settings_files=off --write_settings_files=off DDS_init -c DDS_INIT



